<?xml version="1.0" encoding="UTF-8"?>
<testsuite xmlns:xsi="http://www.w3.org/2001/XMLSchema-instance" xsi:noNamespaceSchemaLocation="https://maven.apache.org/surefire/maven-surefire-plugin/xsd/surefire-test-report-3.0.xsd" version="3.0" name="com.calculator.webappcalculator.application.components.samplecomponent.SampleComponentTest" time="1.418" tests="3" errors="0" skipped="0" failures="0">
  <properties>
    <property name="sun.desktop" value="windows"/>
    <property name="awt.toolkit" value="sun.awt.windows.WToolkit"/>
    <property name="file.encoding.pkg" value="sun.io"/>
    <property name="java.specification.version" value="1.8"/>
    <property name="sun.cpu.isalist" value="amd64"/>
    <property name="sun.jnu.encoding" value="Cp1252"/>
    <property name="java.class.path" value="C:\Users\Sairam\Desktop\calculator\webappcalculator\application\target\test-classes;C:\Users\Sairam\Desktop\calculator\webappcalculator\application\target\classes;C:\Users\Sairam\.m2\repository\io\kestros\cms\kestros-component-types-api\0.0.6\kestros-component-types-api-0.0.6.jar;C:\Users\Sairam\.m2\repository\org\apache\sling\org.apache.sling.servlets.annotations\1.2.4\org.apache.sling.servlets.annotations-1.2.4.jar;C:\Users\Sairam\.m2\repository\org\apache\sling\org.apache.sling.scripting.sightly.compiler.java\1.0.26-1.4.0\org.apache.sling.scripting.sightly.compiler.java-1.0.26-1.4.0.jar;C:\Users\Sairam\.m2\repository\io\kestros\cms\kestros-site-building-api\0.0.4\kestros-site-building-api-0.0.4.jar;C:\Users\Sairam\Desktop\calculator\webappcalculator\api\target\webappcalculator-api-1.0-SNAPSHOT.jar;C:\Users\Sairam\.m2\repository\io\kestros\cms\kestros-user-foundation\0.2.1\kestros-user-foundation-0.2.1.jar;C:\Users\Sairam\.m2\repository\io\kestros\cms\kestros-modeltypes\0.0.2\kestros-modeltypes-0.0.2.jar;C:\Users\Sairam\.m2\repository\io\kestros\cms\kestros-filetypes\0.0.2\kestros-filetypes-0.0.2.jar;C:\Users\Sairam\.m2\repository\io\kestros\cms\kestros-managed-versions-api\0.0.2\kestros-managed-versions-api-0.0.2.jar;C:\Users\Sairam\.m2\repository\io\kestros\cms\kestros-performance-services-api\0.0.2\kestros-performance-services-api-0.0.2.jar;C:\Users\Sairam\.m2\repository\io\kestros\cms\kestros-ui-frameworks-api\0.0.3\kestros-ui-frameworks-api-0.0.3.jar;C:\Users\Sairam\.m2\repository\io\kestros\commons\kestros-structured-sling-models\0.2.2\kestros-structured-sling-models-0.2.2.jar;C:\Users\Sairam\.m2\repository\io\kestros\commons\kestros-osgi-service-utils\0.1.5\kestros-osgi-service-utils-0.1.5.jar;C:\Users\Sairam\.m2\repository\io\kestros\commons\kestros-validation-api\0.0.4\kestros-validation-api-0.0.4.jar;C:\Users\Sairam\.m2\repository\io\kestros\commons\kestros-sling-ui-libraries-api\0.0.3\kestros-sling-ui-libraries-api-0.0.3.jar;C:\Users\Sairam\.m2\repository\de\inetsoftware\jlessc\1.10\jlessc-1.10.jar;C:\Users\Sairam\.m2\repository\com\yahoo\platform\yui\yuicompressor\2.4.8\yuicompressor-2.4.8.jar;C:\Users\Sairam\.m2\repository\rhino\js\1.7R2\js-1.7R2.jar;C:\Users\Sairam\.m2\repository\io\kestros\commons\kestros-sling-ui-libraries-base-compilers\0.0.3\kestros-sling-ui-libraries-base-compilers-0.0.3.jar;C:\Users\Sairam\.m2\repository\javax\annotation\javax.annotation-api\1.2\javax.annotation-api-1.2.jar;C:\Users\Sairam\.m2\repository\org\osgi\osgi.core\7.0.0\osgi.core-7.0.0.jar;C:\Users\Sairam\.m2\repository\org\osgi\osgi.cmpn\7.0.0\osgi.cmpn-7.0.0.jar;C:\Users\Sairam\.m2\repository\org\osgi\osgi.annotation\7.0.0\osgi.annotation-7.0.0.jar;C:\Users\Sairam\.m2\repository\com\fasterxml\jackson\core\jackson-databind\2.9.9\jackson-databind-2.9.9.jar;C:\Users\Sairam\.m2\repository\com\fasterxml\jackson\core\jackson-annotations\2.9.0\jackson-annotations-2.9.0.jar;C:\Users\Sairam\.m2\repository\com\fasterxml\jackson\core\jackson-core\2.9.9\jackson-core-2.9.9.jar;C:\Users\Sairam\.m2\repository\com\google\code\findbugs\annotations\3.0.0\annotations-3.0.0.jar;C:\Users\Sairam\.m2\repository\org\slf4j\slf4j-api\1.7.30\slf4j-api-1.7.30.jar;C:\Users\Sairam\.m2\repository\org\apache\sling\org.apache.sling.models.api\1.3.6\org.apache.sling.models.api-1.3.6.jar;C:\Users\Sairam\.m2\repository\org\apache\sling\org.apache.sling.models.impl\1.4.10\org.apache.sling.models.impl-1.4.10.jar;C:\Users\Sairam\.m2\repository\org\apache\sling\org.apache.sling.event.api\1.0.0\org.apache.sling.event.api-1.0.0.jar;C:\Users\Sairam\.m2\repository\org\apache\sling\org.apache.sling.commons.log\5.0.0\org.apache.sling.commons.log-5.0.0.jar;C:\Users\Sairam\.m2\repository\ch\qos\logback\logback-classic\1.1.7\logback-classic-1.1.7.jar;C:\Users\Sairam\.m2\repository\ch\qos\logback\logback-core\1.1.7\logback-core-1.1.7.jar;C:\Users\Sairam\.m2\repository\org\apache\felix\org.apache.felix.healthcheck.api\2.0.2\org.apache.felix.healthcheck.api-2.0.2.jar;C:\Users\Sairam\.m2\repository\org\apache\felix\org.apache.felix.healthcheck.annotation\2.0.0\org.apache.felix.healthcheck.annotation-2.0.0.jar;C:\Users\Sairam\.m2\repository\junit\junit\4.12\junit-4.12.jar;C:\Users\Sairam\.m2\repository\org\hamcrest\hamcrest-core\1.3\hamcrest-core-1.3.jar;C:\Users\Sairam\.m2\repository\org\mockito\mockito-core\2.23.0\mockito-core-2.23.0.jar;C:\Users\Sairam\.m2\repository\net\bytebuddy\byte-buddy\1.9.0\byte-buddy-1.9.0.jar;C:\Users\Sairam\.m2\repository\net\bytebuddy\byte-buddy-agent\1.9.0\byte-buddy-agent-1.9.0.jar;C:\Users\Sairam\.m2\repository\org\objenesis\objenesis\2.6\objenesis-2.6.jar;C:\Users\Sairam\.m2\repository\org\apache\sling\org.apache.sling.testing.sling-mock.junit4\2.3.10\org.apache.sling.testing.sling-mock.junit4-2.3.10.jar;C:\Users\Sairam\.m2\repository\org\apache\sling\org.apache.sling.testing.sling-mock.core\2.3.10\org.apache.sling.testing.sling-mock.core-2.3.10.jar;C:\Users\Sairam\.m2\repository\org\apache\sling\org.apache.sling.testing.osgi-mock.core\2.4.8\org.apache.sling.testing.osgi-mock.core-2.4.8.jar;C:\Users\Sairam\.m2\repository\com\google\guava\guava\15.0\guava-15.0.jar;C:\Users\Sairam\.m2\repository\org\apache\commons\commons-lang3\3.3.2\commons-lang3-3.3.2.jar;C:\Users\Sairam\.m2\repository\org\reflections\reflections\0.9.9\reflections-0.9.9.jar;C:\Users\Sairam\.m2\repository\org\javassist\javassist\3.18.2-GA\javassist-3.18.2-GA.jar;C:\Users\Sairam\.m2\repository\org\apache\sling\org.apache.sling.testing.jcr-mock\1.4.4\org.apache.sling.testing.jcr-mock-1.4.4.jar;C:\Users\Sairam\.m2\repository\org\apache\jackrabbit\jackrabbit-jcr-commons\2.8.0\jackrabbit-jcr-commons-2.8.0.jar;C:\Users\Sairam\.m2\repository\org\apache\sling\org.apache.sling.testing.resourceresolver-mock\1.1.24\org.apache.sling.testing.resourceresolver-mock-1.1.24.jar;C:\Users\Sairam\.m2\repository\org\apache\sling\org.apache.sling.servlet-helpers\1.1.10\org.apache.sling.servlet-helpers-1.1.10.jar;C:\Users\Sairam\.m2\repository\org\apache\sling\org.apache.sling.commons.osgi\2.4.0\org.apache.sling.commons.osgi-2.4.0.jar;C:\Users\Sairam\.m2\repository\org\apache\sling\org.apache.sling.api\2.11.0\org.apache.sling.api-2.11.0.jar;C:\Users\Sairam\.m2\repository\org\apache\sling\org.apache.sling.resourceresolver\1.4.8\org.apache.sling.resourceresolver-1.4.8.jar;C:\Users\Sairam\.m2\repository\org\apache\sling\org.apache.sling.serviceusermapper\1.0.0\org.apache.sling.serviceusermapper-1.0.0.jar;C:\Users\Sairam\.m2\repository\org\apache\sling\org.apache.sling.jcr.api\2.3.0\org.apache.sling.jcr.api-2.3.0.jar;C:\Users\Sairam\.m2\repository\org\apache\sling\org.apache.sling.jcr.resource\2.7.4\org.apache.sling.jcr.resource-2.7.4.jar;C:\Users\Sairam\.m2\repository\org\apache\sling\org.apache.sling.scripting.api\2.1.8\org.apache.sling.scripting.api-2.1.8.jar;C:\Users\Sairam\.m2\repository\org\apache\sling\org.apache.sling.scripting.core\2.0.36\org.apache.sling.scripting.core-2.0.36.jar;C:\Users\Sairam\.m2\repository\org\apache\sling\org.apache.sling.commons.mime\2.1.8\org.apache.sling.commons.mime-2.1.8.jar;C:\Users\Sairam\.m2\repository\org\apache\sling\org.apache.sling.jcr.contentparser\1.2.6\org.apache.sling.jcr.contentparser-1.2.6.jar;C:\Users\Sairam\.m2\repository\org\apache\jackrabbit\vault\org.apache.jackrabbit.vault\3.1.18\org.apache.jackrabbit.vault-3.1.18.jar;C:\Users\Sairam\.m2\repository\org\apache\johnzon\johnzon-core\1.0.0\johnzon-core-1.0.0.jar;C:\Users\Sairam\.m2\repository\org\apache\sling\org.apache.sling.commons.classloader\1.3.2\org.apache.sling.commons.classloader-1.3.2.jar;C:\Users\Sairam\.m2\repository\org\apache\sling\org.apache.sling.settings\1.3.8\org.apache.sling.settings-1.3.8.jar;C:\Users\Sairam\.m2\repository\org\apache\sling\org.apache.sling.i18n\2.4.4\org.apache.sling.i18n-2.4.4.jar;C:\Users\Sairam\.m2\repository\org\apache\sling\org.apache.sling.adapter\2.1.6\org.apache.sling.adapter-2.1.6.jar;C:\Users\Sairam\.m2\repository\org\apache\sling\org.apache.sling.resourcebuilder\1.0.4\org.apache.sling.resourcebuilder-1.0.4.jar;C:\Users\Sairam\.m2\repository\org\apache\jackrabbit\jackrabbit-api\2.11.3\jackrabbit-api-2.11.3.jar;C:\Users\Sairam\.m2\repository\commons-collections\commons-collections\3.2.2\commons-collections-3.2.2.jar;C:\Users\Sairam\.m2\repository\commons-io\commons-io\2.4\commons-io-2.4.jar;C:\Users\Sairam\.m2\repository\commons-lang\commons-lang\2.5\commons-lang-2.5.jar;C:\Users\Sairam\.m2\repository\commons-beanutils\commons-beanutils\1.8.3\commons-beanutils-1.8.3.jar;C:\Users\Sairam\.m2\repository\commons-logging\commons-logging\1.1.1\commons-logging-1.1.1.jar;C:\Users\Sairam\.m2\repository\org\apache\geronimo\specs\geronimo-atinject_1.0_spec\1.0\geronimo-atinject_1.0_spec-1.0.jar;C:\Users\Sairam\.m2\repository\org\apache\geronimo\specs\geronimo-json_1.1_spec\1.0\geronimo-json_1.1_spec-1.0.jar;C:\Users\Sairam\.m2\repository\org\apache\sling\org.apache.sling.testing.osgi-mock.junit4\2.4.8\org.apache.sling.testing.osgi-mock.junit4-2.4.8.jar;C:\Users\Sairam\.m2\repository\org\apache\sling\org.apache.sling.testing.sling-mock-oak\2.1.0\org.apache.sling.testing.sling-mock-oak-2.1.0.jar;C:\Users\Sairam\.m2\repository\javax\jcr\jcr\2.0\jcr-2.0.jar;C:\Users\Sairam\.m2\repository\javax\servlet\javax.servlet-api\3.1.0\javax.servlet-api-3.1.0.jar;"/>
    <property name="java.vm.vendor" value="Oracle Corporation"/>
    <property name="sun.arch.data.model" value="64"/>
    <property name="user.variant" value=""/>
    <property name="java.vendor.url" value="http://java.oracle.com/"/>
    <property name="user.timezone" value="America/Chicago"/>
    <property name="java.vm.specification.version" value="1.8"/>
    <property name="os.name" value="Windows 10"/>
    <property name="user.country" value="US"/>
    <property name="sun.java.launcher" value="SUN_STANDARD"/>
    <property name="sun.boot.library.path" value="C:\Program Files\Java\jdk1.8.0_202\jre\bin"/>
    <property name="sun.java.command" value="C:\Users\Sairam\AppData\Local\Temp\surefire3774950369805128534\surefirebooter9218616628196747181.jar C:\Users\Sairam\AppData\Local\Temp\surefire3774950369805128534 2023-11-18T08-54-18_574-jvmRun1 surefire6419487038651859678tmp surefire_05083103328032721876tmp"/>
    <property name="surefire.test.class.path" value="C:\Users\Sairam\Desktop\calculator\webappcalculator\application\target\test-classes;C:\Users\Sairam\Desktop\calculator\webappcalculator\application\target\classes;C:\Users\Sairam\.m2\repository\io\kestros\cms\kestros-component-types-api\0.0.6\kestros-component-types-api-0.0.6.jar;C:\Users\Sairam\.m2\repository\org\apache\sling\org.apache.sling.servlets.annotations\1.2.4\org.apache.sling.servlets.annotations-1.2.4.jar;C:\Users\Sairam\.m2\repository\org\apache\sling\org.apache.sling.scripting.sightly.compiler.java\1.0.26-1.4.0\org.apache.sling.scripting.sightly.compiler.java-1.0.26-1.4.0.jar;C:\Users\Sairam\.m2\repository\io\kestros\cms\kestros-site-building-api\0.0.4\kestros-site-building-api-0.0.4.jar;C:\Users\Sairam\Desktop\calculator\webappcalculator\api\target\webappcalculator-api-1.0-SNAPSHOT.jar;C:\Users\Sairam\.m2\repository\io\kestros\cms\kestros-user-foundation\0.2.1\kestros-user-foundation-0.2.1.jar;C:\Users\Sairam\.m2\repository\io\kestros\cms\kestros-modeltypes\0.0.2\kestros-modeltypes-0.0.2.jar;C:\Users\Sairam\.m2\repository\io\kestros\cms\kestros-filetypes\0.0.2\kestros-filetypes-0.0.2.jar;C:\Users\Sairam\.m2\repository\io\kestros\cms\kestros-managed-versions-api\0.0.2\kestros-managed-versions-api-0.0.2.jar;C:\Users\Sairam\.m2\repository\io\kestros\cms\kestros-performance-services-api\0.0.2\kestros-performance-services-api-0.0.2.jar;C:\Users\Sairam\.m2\repository\io\kestros\cms\kestros-ui-frameworks-api\0.0.3\kestros-ui-frameworks-api-0.0.3.jar;C:\Users\Sairam\.m2\repository\io\kestros\commons\kestros-structured-sling-models\0.2.2\kestros-structured-sling-models-0.2.2.jar;C:\Users\Sairam\.m2\repository\io\kestros\commons\kestros-osgi-service-utils\0.1.5\kestros-osgi-service-utils-0.1.5.jar;C:\Users\Sairam\.m2\repository\io\kestros\commons\kestros-validation-api\0.0.4\kestros-validation-api-0.0.4.jar;C:\Users\Sairam\.m2\repository\io\kestros\commons\kestros-sling-ui-libraries-api\0.0.3\kestros-sling-ui-libraries-api-0.0.3.jar;C:\Users\Sairam\.m2\repository\de\inetsoftware\jlessc\1.10\jlessc-1.10.jar;C:\Users\Sairam\.m2\repository\com\yahoo\platform\yui\yuicompressor\2.4.8\yuicompressor-2.4.8.jar;C:\Users\Sairam\.m2\repository\rhino\js\1.7R2\js-1.7R2.jar;C:\Users\Sairam\.m2\repository\io\kestros\commons\kestros-sling-ui-libraries-base-compilers\0.0.3\kestros-sling-ui-libraries-base-compilers-0.0.3.jar;C:\Users\Sairam\.m2\repository\javax\annotation\javax.annotation-api\1.2\javax.annotation-api-1.2.jar;C:\Users\Sairam\.m2\repository\org\osgi\osgi.core\7.0.0\osgi.core-7.0.0.jar;C:\Users\Sairam\.m2\repository\org\osgi\osgi.cmpn\7.0.0\osgi.cmpn-7.0.0.jar;C:\Users\Sairam\.m2\repository\org\osgi\osgi.annotation\7.0.0\osgi.annotation-7.0.0.jar;C:\Users\Sairam\.m2\repository\com\fasterxml\jackson\core\jackson-databind\2.9.9\jackson-databind-2.9.9.jar;C:\Users\Sairam\.m2\repository\com\fasterxml\jackson\core\jackson-annotations\2.9.0\jackson-annotations-2.9.0.jar;C:\Users\Sairam\.m2\repository\com\fasterxml\jackson\core\jackson-core\2.9.9\jackson-core-2.9.9.jar;C:\Users\Sairam\.m2\repository\com\google\code\findbugs\annotations\3.0.0\annotations-3.0.0.jar;C:\Users\Sairam\.m2\repository\org\slf4j\slf4j-api\1.7.30\slf4j-api-1.7.30.jar;C:\Users\Sairam\.m2\repository\org\apache\sling\org.apache.sling.models.api\1.3.6\org.apache.sling.models.api-1.3.6.jar;C:\Users\Sairam\.m2\repository\org\apache\sling\org.apache.sling.models.impl\1.4.10\org.apache.sling.models.impl-1.4.10.jar;C:\Users\Sairam\.m2\repository\org\apache\sling\org.apache.sling.event.api\1.0.0\org.apache.sling.event.api-1.0.0.jar;C:\Users\Sairam\.m2\repository\org\apache\sling\org.apache.sling.commons.log\5.0.0\org.apache.sling.commons.log-5.0.0.jar;C:\Users\Sairam\.m2\repository\ch\qos\logback\logback-classic\1.1.7\logback-classic-1.1.7.jar;C:\Users\Sairam\.m2\repository\ch\qos\logback\logback-core\1.1.7\logback-core-1.1.7.jar;C:\Users\Sairam\.m2\repository\org\apache\felix\org.apache.felix.healthcheck.api\2.0.2\org.apache.felix.healthcheck.api-2.0.2.jar;C:\Users\Sairam\.m2\repository\org\apache\felix\org.apache.felix.healthcheck.annotation\2.0.0\org.apache.felix.healthcheck.annotation-2.0.0.jar;C:\Users\Sairam\.m2\repository\junit\junit\4.12\junit-4.12.jar;C:\Users\Sairam\.m2\repository\org\hamcrest\hamcrest-core\1.3\hamcrest-core-1.3.jar;C:\Users\Sairam\.m2\repository\org\mockito\mockito-core\2.23.0\mockito-core-2.23.0.jar;C:\Users\Sairam\.m2\repository\net\bytebuddy\byte-buddy\1.9.0\byte-buddy-1.9.0.jar;C:\Users\Sairam\.m2\repository\net\bytebuddy\byte-buddy-agent\1.9.0\byte-buddy-agent-1.9.0.jar;C:\Users\Sairam\.m2\repository\org\objenesis\objenesis\2.6\objenesis-2.6.jar;C:\Users\Sairam\.m2\repository\org\apache\sling\org.apache.sling.testing.sling-mock.junit4\2.3.10\org.apache.sling.testing.sling-mock.junit4-2.3.10.jar;C:\Users\Sairam\.m2\repository\org\apache\sling\org.apache.sling.testing.sling-mock.core\2.3.10\org.apache.sling.testing.sling-mock.core-2.3.10.jar;C:\Users\Sairam\.m2\repository\org\apache\sling\org.apache.sling.testing.osgi-mock.core\2.4.8\org.apache.sling.testing.osgi-mock.core-2.4.8.jar;C:\Users\Sairam\.m2\repository\com\google\guava\guava\15.0\guava-15.0.jar;C:\Users\Sairam\.m2\repository\org\apache\commons\commons-lang3\3.3.2\commons-lang3-3.3.2.jar;C:\Users\Sairam\.m2\repository\org\reflections\reflections\0.9.9\reflections-0.9.9.jar;C:\Users\Sairam\.m2\repository\org\javassist\javassist\3.18.2-GA\javassist-3.18.2-GA.jar;C:\Users\Sairam\.m2\repository\org\apache\sling\org.apache.sling.testing.jcr-mock\1.4.4\org.apache.sling.testing.jcr-mock-1.4.4.jar;C:\Users\Sairam\.m2\repository\org\apache\jackrabbit\jackrabbit-jcr-commons\2.8.0\jackrabbit-jcr-commons-2.8.0.jar;C:\Users\Sairam\.m2\repository\org\apache\sling\org.apache.sling.testing.resourceresolver-mock\1.1.24\org.apache.sling.testing.resourceresolver-mock-1.1.24.jar;C:\Users\Sairam\.m2\repository\org\apache\sling\org.apache.sling.servlet-helpers\1.1.10\org.apache.sling.servlet-helpers-1.1.10.jar;C:\Users\Sairam\.m2\repository\org\apache\sling\org.apache.sling.commons.osgi\2.4.0\org.apache.sling.commons.osgi-2.4.0.jar;C:\Users\Sairam\.m2\repository\org\apache\sling\org.apache.sling.api\2.11.0\org.apache.sling.api-2.11.0.jar;C:\Users\Sairam\.m2\repository\org\apache\sling\org.apache.sling.resourceresolver\1.4.8\org.apache.sling.resourceresolver-1.4.8.jar;C:\Users\Sairam\.m2\repository\org\apache\sling\org.apache.sling.serviceusermapper\1.0.0\org.apache.sling.serviceusermapper-1.0.0.jar;C:\Users\Sairam\.m2\repository\org\apache\sling\org.apache.sling.jcr.api\2.3.0\org.apache.sling.jcr.api-2.3.0.jar;C:\Users\Sairam\.m2\repository\org\apache\sling\org.apache.sling.jcr.resource\2.7.4\org.apache.sling.jcr.resource-2.7.4.jar;C:\Users\Sairam\.m2\repository\org\apache\sling\org.apache.sling.scripting.api\2.1.8\org.apache.sling.scripting.api-2.1.8.jar;C:\Users\Sairam\.m2\repository\org\apache\sling\org.apache.sling.scripting.core\2.0.36\org.apache.sling.scripting.core-2.0.36.jar;C:\Users\Sairam\.m2\repository\org\apache\sling\org.apache.sling.commons.mime\2.1.8\org.apache.sling.commons.mime-2.1.8.jar;C:\Users\Sairam\.m2\repository\org\apache\sling\org.apache.sling.jcr.contentparser\1.2.6\org.apache.sling.jcr.contentparser-1.2.6.jar;C:\Users\Sairam\.m2\repository\org\apache\jackrabbit\vault\org.apache.jackrabbit.vault\3.1.18\org.apache.jackrabbit.vault-3.1.18.jar;C:\Users\Sairam\.m2\repository\org\apache\johnzon\johnzon-core\1.0.0\johnzon-core-1.0.0.jar;C:\Users\Sairam\.m2\repository\org\apache\sling\org.apache.sling.commons.classloader\1.3.2\org.apache.sling.commons.classloader-1.3.2.jar;C:\Users\Sairam\.m2\repository\org\apache\sling\org.apache.sling.settings\1.3.8\org.apache.sling.settings-1.3.8.jar;C:\Users\Sairam\.m2\repository\org\apache\sling\org.apache.sling.i18n\2.4.4\org.apache.sling.i18n-2.4.4.jar;C:\Users\Sairam\.m2\repository\org\apache\sling\org.apache.sling.adapter\2.1.6\org.apache.sling.adapter-2.1.6.jar;C:\Users\Sairam\.m2\repository\org\apache\sling\org.apache.sling.resourcebuilder\1.0.4\org.apache.sling.resourcebuilder-1.0.4.jar;C:\Users\Sairam\.m2\repository\org\apache\jackrabbit\jackrabbit-api\2.11.3\jackrabbit-api-2.11.3.jar;C:\Users\Sairam\.m2\repository\commons-collections\commons-collections\3.2.2\commons-collections-3.2.2.jar;C:\Users\Sairam\.m2\repository\commons-io\commons-io\2.4\commons-io-2.4.jar;C:\Users\Sairam\.m2\repository\commons-lang\commons-lang\2.5\commons-lang-2.5.jar;C:\Users\Sairam\.m2\repository\commons-beanutils\commons-beanutils\1.8.3\commons-beanutils-1.8.3.jar;C:\Users\Sairam\.m2\repository\commons-logging\commons-logging\1.1.1\commons-logging-1.1.1.jar;C:\Users\Sairam\.m2\repository\org\apache\geronimo\specs\geronimo-atinject_1.0_spec\1.0\geronimo-atinject_1.0_spec-1.0.jar;C:\Users\Sairam\.m2\repository\org\apache\geronimo\specs\geronimo-json_1.1_spec\1.0\geronimo-json_1.1_spec-1.0.jar;C:\Users\Sairam\.m2\repository\org\apache\sling\org.apache.sling.testing.osgi-mock.junit4\2.4.8\org.apache.sling.testing.osgi-mock.junit4-2.4.8.jar;C:\Users\Sairam\.m2\repository\org\apache\sling\org.apache.sling.testing.sling-mock-oak\2.1.0\org.apache.sling.testing.sling-mock-oak-2.1.0.jar;C:\Users\Sairam\.m2\repository\javax\jcr\jcr\2.0\jcr-2.0.jar;C:\Users\Sairam\.m2\repository\javax\servlet\javax.servlet-api\3.1.0\javax.servlet-api-3.1.0.jar;"/>
    <property name="sun.cpu.endian" value="little"/>
    <property name="user.home" value="C:\Users\Sairam"/>
    <property name="user.language" value="en"/>
    <property name="java.specification.vendor" value="Oracle Corporation"/>
    <property name="java.home" value="C:\Program Files\Java\jdk1.8.0_202\jre"/>
    <property name="basedir" value="C:\Users\Sairam\Desktop\calculator\webappcalculator\application"/>
    <property name="file.separator" value="\"/>
    <property name="line.separator" value="&#10;"/>
    <property name="java.vm.specification.vendor" value="Oracle Corporation"/>
    <property name="java.specification.name" value="Java Platform API Specification"/>
    <property name="java.awt.graphicsenv" value="sun.awt.Win32GraphicsEnvironment"/>
    <property name="surefire.real.class.path" value="C:\Users\Sairam\AppData\Local\Temp\surefire3774950369805128534\surefirebooter9218616628196747181.jar;C:\\Users\\Sairam\\.m2\\repository\\org\\jacoco\\org.jacoco.agent\\0.8.4\\org.jacoco.agent-0.8.4-runtime.jar"/>
    <property name="sun.boot.class.path" value="C:\Program Files\Java\jdk1.8.0_202\jre\lib\resources.jar;C:\Program Files\Java\jdk1.8.0_202\jre\lib\rt.jar;C:\Program Files\Java\jdk1.8.0_202\jre\lib\sunrsasign.jar;C:\Program Files\Java\jdk1.8.0_202\jre\lib\jsse.jar;C:\Program Files\Java\jdk1.8.0_202\jre\lib\jce.jar;C:\Program Files\Java\jdk1.8.0_202\jre\lib\charsets.jar;C:\Program Files\Java\jdk1.8.0_202\jre\lib\jfr.jar;C:\Program Files\Java\jdk1.8.0_202\jre\classes"/>
    <property name="user.script" value=""/>
    <property name="sun.management.compiler" value="HotSpot 64-Bit Tiered Compilers"/>
    <property name="java.runtime.version" value="1.8.0_202-b08"/>
    <property name="user.name" value="Sairam"/>
    <property name="path.separator" value=";"/>
    <property name="os.version" value="10.0"/>
    <property name="java.endorsed.dirs" value="C:\Program Files\Java\jdk1.8.0_202\jre\lib\endorsed"/>
    <property name="java.runtime.name" value="Java(TM) SE Runtime Environment"/>
    <property name="file.encoding" value="Cp1252"/>
    <property name="java.vm.name" value="Java HotSpot(TM) 64-Bit Server VM"/>
    <property name="localRepository" value="C:\Users\Sairam\.m2\repository"/>
    <property name="java.vendor.url.bug" value="http://bugreport.sun.com/bugreport/"/>
    <property name="java.io.tmpdir" value="C:\Users\Sairam\AppData\Local\Temp\"/>
    <property name="java.version" value="1.8.0_202"/>
    <property name="user.dir" value="C:\Users\Sairam\Desktop\calculator\webappcalculator\application"/>
    <property name="os.arch" value="amd64"/>
    <property name="java.vm.specification.name" value="Java Virtual Machine Specification"/>
    <property name="java.awt.printerjob" value="sun.awt.windows.WPrinterJob"/>
    <property name="sun.os.patch.level" value=""/>
    <property name="java.library.path" value="C:\Program Files\Java\jdk1.8.0_202\jre\bin;C:\WINDOWS\Sun\Java\bin;C:\WINDOWS\system32;C:\WINDOWS;C:\Program Files (x86)\Common Files\Oracle\Java\javapath;C:\WINDOWS\system32;C:\WINDOWS;C:\WINDOWS\System32\Wbem;C:\WINDOWS\System32\WindowsPowerShell\v1.0\;C:\WINDOWS\System32\OpenSSH\;C:\Program Files\dotnet\;C:\Program Files\MATLAB\R2022b\runtime\win64;C:\Program Files\MATLAB\R2022b\bin;C:\Program Files\Git\cmd;C:\Program Files\Java\jdk1.8.0_202\bin;C:\Users\Sairam\Downloads\apache-maven-3.9.5-bin\apache-maven-3.9.5\bin;C:\Program Files (x86)\Bitvise SSH Client;C:\Program Files\PuTTY\;C:\Users\Sairam\AppData\Local\Programs\Python\Python310\Scripts\;C:\Users\Sairam\AppData\Local\Programs\Python\Python310\;C:\Users\Sairam\AppData\Local\Microsoft\WindowsApps;;C:\Users\Sairam\AppData\Local\Programs\Microsoft VS Code\bin;."/>
    <property name="java.vm.info" value="mixed mode"/>
    <property name="java.vendor" value="Oracle Corporation"/>
    <property name="java.vm.version" value="25.202-b08"/>
    <property name="java.ext.dirs" value="C:\Program Files\Java\jdk1.8.0_202\jre\lib\ext;C:\WINDOWS\Sun\Java\lib\ext"/>
    <property name="sun.io.unicode.encoding" value="UnicodeLittle"/>
    <property name="java.class.version" value="52.0"/>
  </properties>
  <testcase name="testGetSamplePropertyWhenValueNotSet" classname="com.calculator.webappcalculator.application.components.samplecomponent.SampleComponentTest" time="1.235"/>
  <testcase name="testGetSampleProperty" classname="com.calculator.webappcalculator.application.components.samplecomponent.SampleComponentTest" time="0.042"/>
  <testcase name="testGetSamplePropertyWhenValueIsEmpty" classname="com.calculator.webappcalculator.application.components.samplecomponent.SampleComponentTest" time="0.016"/>
</testsuite>